<?xml version="1.0" encoding="UTF-8"?>
<robot generator="Robot 3.1.1 (Python 3.7.0 on win32)" generated="20190430 20:36:41.360" rpa="false">
<suite id="s1" name="TestRobot" source="C:\Users\nc355zu\eclipse-workspace\TestRobot">
<suite id="s1-s1" name="TestSuite" source="C:\Users\nc355zu\eclipse-workspace\TestRobot\TestSuite.robot">
<test id="s1-s1-t1" name="MyFirstTESt">
<kw name="Open Browser" library="SeleniumLibrary">
<doc>Opens a new browser instance to the given ``url``.</doc>
<arguments>
<arg>https:\\google.com</arg>
<arg>chrome</arg>
</arguments>
<msg timestamp="20190430 20:36:41.923" level="INFO">Opening browser 'chrome' to base url 'https:\google.com'.</msg>
<status status="PASS" starttime="20190430 20:36:41.923" endtime="20190430 20:36:47.683"></status>
</kw>
<kw name="Set Browser Implicit Wait" library="SeleniumLibrary">
<doc>Sets the implicit wait value used by Selenium.</doc>
<arguments>
<arg>5</arg>
</arguments>
<status status="PASS" starttime="20190430 20:36:47.684" endtime="20190430 20:36:47.689"></status>
</kw>
<kw name="Input Text" library="SeleniumLibrary">
<doc>Types the given ``text`` into text field identified by ``locator``.</doc>
<arguments>
<arg>name=q</arg>
<arg>xcel energy</arg>
</arguments>
<msg timestamp="20190430 20:36:47.691" level="INFO">Typing text 'xcel energy' into text field 'name=q'.</msg>
<status status="PASS" starttime="20190430 20:36:47.690" endtime="20190430 20:36:47.854"></status>
</kw>
<kw name="Press Keys" library="SeleniumLibrary">
<doc>Simulates user pressing key(s) to an element or on the active browser.</doc>
<arguments>
<arg>name=q</arg>
<arg>ENTER</arg>
</arguments>
<msg timestamp="20190430 20:36:47.855" level="INFO">Sending key(s) ('ENTER',) to name=q element.</msg>
<msg timestamp="20190430 20:36:47.865" level="INFO">Pressing special key ENTER to element.</msg>
<status status="PASS" starttime="20190430 20:36:47.854" endtime="20190430 20:36:49.677"></status>
</kw>
<kw name="Log" library="BuiltIn">
<doc>Logs the given message with the given level.</doc>
<arguments>
<arg>1st test Completed</arg>
</arguments>
<msg timestamp="20190430 20:36:49.679" level="INFO">1st test Completed</msg>
<status status="PASS" starttime="20190430 20:36:49.679" endtime="20190430 20:36:49.680"></status>
</kw>
<status status="PASS" starttime="20190430 20:36:41.923" endtime="20190430 20:36:49.682" critical="yes"></status>
</test>
<test id="s1-s1-t2" name="TestCase#2">
<kw name="Input Text" library="SeleniumLibrary">
<doc>Types the given ``text`` into text field identified by ``locator``.</doc>
<arguments>
<arg>name=q</arg>
<arg>automation step by step</arg>
</arguments>
<msg timestamp="20190430 20:36:49.685" level="INFO">Typing text 'automation step by step' into text field 'name=q'.</msg>
<status status="PASS" starttime="20190430 20:36:49.684" endtime="20190430 20:36:49.992"></status>
</kw>
<kw name="Press Keys" library="SeleniumLibrary">
<doc>Simulates user pressing key(s) to an element or on the active browser.</doc>
<arguments>
<arg>name=q</arg>
<arg>ENTER</arg>
</arguments>
<msg timestamp="20190430 20:36:49.993" level="INFO">Sending key(s) ('ENTER',) to name=q element.</msg>
<msg timestamp="20190430 20:36:50.005" level="INFO">Pressing special key ENTER to element.</msg>
<status status="PASS" starttime="20190430 20:36:49.992" endtime="20190430 20:36:51.163"></status>
</kw>
<kw name="Close Browser" library="SeleniumLibrary">
<doc>Closes the current browser.</doc>
<status status="PASS" starttime="20190430 20:36:51.163" endtime="20190430 20:36:53.566"></status>
</kw>
<kw name="Log" library="BuiltIn">
<doc>Logs the given message with the given level.</doc>
<arguments>
<arg>2nd Test Completed</arg>
</arguments>
<msg timestamp="20190430 20:36:53.566" level="INFO">2nd Test Completed</msg>
<status status="PASS" starttime="20190430 20:36:53.566" endtime="20190430 20:36:53.566"></status>
</kw>
<status status="PASS" starttime="20190430 20:36:49.683" endtime="20190430 20:36:53.566" critical="yes"></status>
</test>
<status status="PASS" starttime="20190430 20:36:41.476" endtime="20190430 20:36:53.580"></status>
</suite>
<status status="PASS" starttime="20190430 20:36:41.445" endtime="20190430 20:36:53.596"></status>
</suite>
<statistics>
<total>
<stat pass="2" fail="0">Critical Tests</stat>
<stat pass="2" fail="0">All Tests</stat>
</total>
<tag>
</tag>
<suite>
<stat pass="2" fail="0" id="s1" name="TestRobot">TestRobot</stat>
<stat pass="2" fail="0" id="s1-s1" name="TestSuite">TestRobot.TestSuite</stat>
</suite>
</statistics>
<errors>
</errors>
</robot>
